<?xml version="1.0" encoding="UTF-8"?>
<!-- Generated by org.testng.reporters.JUnitReportReporter -->
<testsuite hostname="LIN51014891" failures="0" tests="2" name="RunnerClass.MyRunner" time="22.357" errors="0" timestamp="2025-02-20T20:53:59 IST" skipped="0">
  <testcase classname="RunnerClass.MyRunner" name="runScenario" time="13.464"/>
  <testcase classname="RunnerClass.MyRunner" name="runScenario" time="8.893"/>
</testsuite> <!-- RunnerClass.MyRunner -->
