<?xml version="1.0" encoding="UTF-8"?>
<!-- Generated by org.testng.reporters.JUnitReportReporter -->
<testsuite hostname="LIN51014891" failures="0" tests="2" name="RunnerClass.MyRunner" time="18.213" errors="0" timestamp="2025-01-26T23:05:03 IST" skipped="0">
  <testcase classname="RunnerClass.MyRunner" name="runScenario" time="11.165"/>
  <system-out/>
  <testcase classname="RunnerClass.MyRunner" name="runScenario" time="7.048"/>
  <system-out/>
</testsuite> <!-- RunnerClass.MyRunner -->
